生成启动时间为 2017/10/27 15:08:04。
     1>项目“D:\software\opencv pz\TLD+Kalman+KCF\TLD+Kalman+KCF\TLD+Kalman+KCF.vcxproj”在节点 2 上(Build 个目标)。
     1>ClCompile:
         D:\software\vs\VC\bin\x86_amd64\CL.exe /c /ID:\software\opencv2.4.11\opencv\build\include /Zi /nologo /W3 /WX- /sdl /Od /D WIN32 /D _DEBUG /D _CONSOLE /D _LIB /D _UNICODE /D UNICODE /Gm /EHsc /RTC1 /MDd /GS /fp:precise /Zc:wchar_t /Zc:forScope /Fo"x64\Debug\\" /Fd"x64\Debug\vc120.pdb" /Gd /TP /errorReport:prompt TLD.cpp run_tld.cpp
         run_tld.cpp
         TLD.cpp
     1>TLD.cpp(68): warning C4244: “=”: 从“int”转换到“float”，可能丢失数据
     1>TLD.cpp(204): warning C4244: “=”: 从“double”转换到“float”，可能丢失数据
     1>TLD.cpp(214): warning C4244: “初始化”: 从“float”转换到“int”，可能丢失数据
     1>TLD.cpp(220): warning C4244: “=”: 从“float”转换到“int”，可能丢失数据
     1>TLD.cpp(227): warning C4267: “参数”: 从“size_t”转换到“int”，可能丢失数据
     1>TLD.cpp(395): warning C4244: “参数”: 从“float”转换到“unsigned __int64”，可能丢失数据
     1>TLD.cpp(570): warning C4101: “end”: 未引用的局部变量
     1>TLD.cpp(570): warning C4101: “start”: 未引用的局部变量
     1>TLD.cpp(715): warning C4244: “参数”: 从“float”转换到“int”，可能丢失数据
     1>TLD.cpp(774): warning C4267: “初始化”: 从“size_t”转换到“int”，可能丢失数据
     1>TLD.cpp(865): warning C4267: “初始化”: 从“size_t”转换到“int”，可能丢失数据
     1>TLD.cpp(1053): warning C4305: “初始化”: 从“double”到“const float”截断
     1>TLD.cpp(1057): warning C4305: “初始化”: 从“double”到“const float”截断
     1>TLD.cpp(1065): warning C4244: “=”: 从“float”转换到“int”，可能丢失数据
     1>TLD.cpp(1066): warning C4244: “=”: 从“float”转换到“int”，可能丢失数据
     1>TLD.cpp(1077): warning C4244: “+=”: 从“float”转换到“int”，可能丢失数据
     1>TLD.cpp(1079): warning C4244: “+=”: 从“float”转换到“int”，可能丢失数据
     1>TLD.cpp(1111): warning C4244: “初始化”: 从“const int”转换到“float”，可能丢失数据
     1>TLD.cpp(1112): warning C4244: “初始化”: 从“const int”转换到“float”，可能丢失数据
     1>TLD.cpp(1115): warning C4244: “初始化”: 从“const int”转换到“float”，可能丢失数据
     1>TLD.cpp(1116): warning C4244: “初始化”: 从“const int”转换到“float”，可能丢失数据
     1>TLD.cpp(1222): warning C4267: “初始化”: 从“size_t”转换到“const int”，可能丢失数据
     1>TLD.cpp(1312): warning C4267: “初始化”: 从“size_t”转换到“int”，可能丢失数据
         正在生成代码...
       Link:
         D:\software\vs\VC\bin\x86_amd64\link.exe /ERRORREPORT:PROMPT /OUT:"D:\software\opencv pz\TLD+Kalman+KCF\x64\Debug\TLD+Kalman+KCF.exe" /INCREMENTAL /NOLOGO /LIBPATH:D:\software\opencv2.4.11\opencv\build\x64\vc12\lib opencv_calib3d2411d.lib opencv_contrib2411d.lib opencv_core2411d.lib opencv_features2d2411d.lib opencv_flann2411d.lib opencv_gpu2411d.lib opencv_highgui2411d.lib opencv_imgproc2411d.lib opencv_legacy2411d.lib opencv_ml2411d.lib opencv_nonfree2411d.lib opencv_objdetect2411d.lib opencv_ocl2411d.lib opencv_photo2411d.lib opencv_stitching2411d.lib opencv_superres2411d.lib opencv_ts2411d.lib opencv_video2411d.lib opencv_videostab2411d.lib kernel32.lib user32.lib gdi32.lib winspool.lib comdlg32.lib advapi32.lib shell32.lib ole32.lib oleaut32.lib uuid.lib odbc32.lib odbccp32.lib /MANIFEST /MANIFESTUAC:"level='asInvoker' uiAccess='false'" /manifest:embed /DEBUG /PDB:"D:\software\opencv pz\TLD+Kalman+KCF\x64\Debug\TLD+Kalman+KCF.pdb" /SUBSYSTEM:CONSOLE /TLBID:1 /DYNAMICBASE /NXCOMPAT /IMPLIB:"D:\software\opencv pz\TLD+Kalman+KCF\x64\Debug\TLD+Kalman+KCF.lib" /MACHINE:X64 x64\Debug\FerNNClassifier.obj
         x64\Debug\fhog.obj
         x64\Debug\kcftracker.obj
         x64\Debug\LKTracker.obj
         x64\Debug\run_tld.obj
         x64\Debug\TLD.obj
         x64\Debug\tld_utils.obj
         TLD+Kalman+KCF.vcxproj -> D:\software\opencv pz\TLD+Kalman+KCF\x64\Debug\TLD+Kalman+KCF.exe
     1>已完成生成项目“D:\software\opencv pz\TLD+Kalman+KCF\TLD+Kalman+KCF\TLD+Kalman+KCF.vcxproj”(Build 个目标)的操作。

生成成功。

已用时间 00:00:03.80
